<?xml version="1.0" encoding="UTF-8"?>
<!-- Generated by org.testng.reporters.JUnitXMLReporter -->
<testsuite ignored="0" hostname="DESKTOP-9U65HJT" failures="0" tests="3" name="Test" time="425.844" errors="0" timestamp="2024-08-20T00:10:56 CST">
  <testcase classname="front.suites.ContactsFrontTest" name="addContact" time="35.062"/>
  <testcase classname="front.suites.ContactsFrontTest" name="deleteContact" time="20.066"/>
  <testcase classname="front.suites.ContactsFrontTest" name="editContact" time="25.836"/>
</testsuite> <!-- Test -->
