<?xml version="1.0" encoding="UTF-8"?>
<!-- Generated by org.testng.reporters.JUnitXMLReporter -->
<testsuite ignored="0" hostname="DESKTOP-9U65HJT" failures="0" tests="3" name="Test" time="77.253" errors="0" timestamp="2024-07-31T19:12:35 CST">
  <testcase classname="back.suites.ContactsTest" name="addContact" time="9.005"/>
  <testcase classname="back.suites.ContactsTest" name="updateContact" time="32.185"/>
  <testcase classname="back.suites.ContactsTest" name="deleteContact" time="30.96"/>
</testsuite> <!-- Test -->
